0x54(T) 0x0 0xffff => 0x53ac 0x54aa
0x68(h) 0x5600 0xd57f => 0x89e3 0x8a61
0x65(e) 0x6300 0xe1ff => 0x9503 0x9580
0xbf 0x300 0x80ff => 0x6103 0x617f
0x0b 0x600 0xffff => 0x1089 0x117d
0x92 0x900 0xfdff => 0x9544 0x9632
0x0e 0x2200 0x997f => 0x28d0 0x2944
0xec 0x5000 0xc4ff => 0xbbb1 0xbc21
0xc0 0x3100 0xa1ff => 0x85db 0x8647
0x88 0x5b00 0xc7ff => 0x94c7 0x952f
0x94 0xe00 0xdfff => 0x87e8 0x88b1
0xc0 0x7400 0xd8ff => 0xbfc0 0xc07f
0xa3 0x4000 0xffff => 0xba0d 0xbac3
0x08 0xd00 0xc3ff => 0x126c 0x1318
0xc0 0x3600 0x8c7f => 0x76cb 0x77bf
0x7a(z) 0x6580 0xdfff => 0x9f25 0x9f97
0x2a(*) 0x2500 0x97ff => 0x37f4 0x385f
0x48(H) 0x7400 0xdfff => 0x91f4 0x9258
0xca 0x7400 0xd8ff => 0xc46e 0xc4cb
0x88 0x6e00 0xcbff => 0x9f62 0xa00f
0x6d(m) 0x3100 0x87ff => 0x55bf 0x560e
0x41(A) 0x3f00 0x8eff => 0x52db 0x5323
0x2c(,) 0x3600 0xc7ff => 0x4f1e 0x4fa3
0x57(W) 0x1e00 0xa3ff => 0x4b76 0x4bf0
0x13 0x7600 0xf0ff => 0x7fa1 0x8010
0xbf 0x2100 0x90ff => 0x7467 0x7531
0xb9 0x3380 0x98ff => 0x7caa 0x7d05
0xd3 0x2a00 0x85ff => 0x76c6 0x7718
0x53(S) 0xc00 0xb1ff => 0x4100 0x4195
0xac 0x0 0x95ff => 0x64b3 0x6538
0xef 0x3300 0xb8ff => 0xb098 0xb10f
0x42(B) 0x1800 0x8fff => 0x366a 0x36d4
0x84 0x6a00 0xd4ff => 0xa0cb 0xa129
0xaa 0x1600 0xd3ff => 0x93cb 0x9471
0xd9 0x4b00 0xf1ff => 0xd9e5 0xda77
0xdb 0x6500 0xf7ff => 0xe3dc 0xe45c
0xbb 0x5c00 0xdcff => 0xb956 0xb9c6
0xd1 0x5600 0xc6ff => 0xb2a1 0xb302
0xf9 0x2100 0x82ff => 0x8057 0x80ab
0x92 0x2e00 0xd7ff => 0x8cc3 0x8de8
0x4d(M) 0x6180 0xf47f => 0x8c10 0x8c8e
0x92 0x1000 0x8eff => 0x56be 0x5805
0x66(f) 0x2f80 0x817f => 0x4f50 0x4f95
0x13 0x2000 0xabff => 0x2a44 0x2b32
0xd7 0x2200 0x997f => 0x86d7 0x873b
0xf4 0x2e00 0xf7ff => 0xeea2 0xef4c
0x44(D) 0x2200 0xccff => 0x4d74 0x4e04
0xcc 0x3a00 0x827f => 0x73b6 0x73f2
0x7d(}) 0x6c00 0xe5ff => 0xa600 0xa665
0xde 0x0 0xcbff => 0xb200 0xb2a9
0xd1 0x0 0xa9ff => 0x89e1 0x8afc
0x02 0x7080 0xfe7f => 0x716c 0x71e1
0xeb 0x6c00 0xe1ff => 0xd812 0xd872
0x23(#) 0x2400 0xe5ff => 0x3da8 0x3e47
0xef 0x2800 0xc7ff => 0xbd32 0xbe38
0x15 0x1900 0x9c7f => 0x2461 0x24cc
0x93 0x6100 0xccff => 0x9e12 0x9e6a
0x68(h) 0x2400 0xd5ff => 0x6a4b 0x6b6c
0x52(R) 0x2580 0xb67f => 0x5226 0x529b
0x61(a) 0x2600 0x9bff => 0x5151 0x51af
0x84 0x2200 0xdfff => 0x814c 0x827e
0xaa 0x2600 0xbf7f => 0x89eb 0x8ae1
0x57(W) 0x7580 0xf0ff => 0x9e26 0x9eeb
0x85 0x2600 0xebff => 0x8adb 0x8b78
0xee 0x5b00 0xf8ff => 0xedad 0xee2a
0x89 0x2d00 0xaaff => 0x6f85 0x6fe8
0xb6 0xa00 0xd1ff => 0x9551 0x95ef
0x18 0x5100 0xefff => 0x6036 0x60b3
0x83 0x3600 0xb3ff => 0x7407 0x746a
0x57(W) 0xe00 0xd5ff => 0x4f07 0x50de
0x9e 0x380 0xef7f => 0x93d7 0x948f
0xbb 0x6b80 0xc7ff => 0xae0e 0xae9d
0xcc 0xe00 0x9dff => 0x803c 0x811b
0x3d(=) 0x1e00 0x8dff => 0x366f 0x36c5
0xcb 0x6f00 0xc5ff => 0xb399 0xb3dc
0xdb 0x3200 0xb9ff => 0xa6bf 0xa78f
0xc4 0x5f80 0xc7ff => 0xaee5 0xaf34
0x85 0x4a00 0xe9ff => 0x9a00 0x9af4
0x0a 0x0 0xf4ff => 0x8c6 0x980
0xe0 0x6300 0xc07f => 0xb55e 0xb5a4
0x09 0x3c00 0xc9ff => 0x40a2 0x410d
0xf9 0x2200 0x8dff => 0x8b1f 0x8bc2
0xe3 0x1f00 0xc2ff => 0xb09d 0xb118
0x7f() 0x1d00 0x98ff => 0x575a 0x57b6
0x1a 0x3400 0xedff => 0x47a2 0x482d
0x5a(Z) 0x2200 0xadff => 0x517c 0x51e4
0xcd 0x7c00 0xe4ff => 0xcf92 0xcfdf
0x03 0x2400 0xbfff => 0x25d0 0x2643
0x6b(k) 0x5000 0xc3ff => 0x7f12 0x7f67
0x9b 0x2400 0xcfff => 0x8a67 0x8ae5
0x25(%) 0x6700 0xe5ff => 0x794c 0x79a9
0x36(6) 0x1800 0xd3ff => 0x3dd0 0x3e5a
0xf0 0x5000 0xdaff => 0xd308 0xd36d
0x01 0x1000 0xdbff => 0x1095 0x1129
0xbd 0x1500 0xa9ff => 0x8066 0x80d1
0x6a(j) 0x6600 0xd1ff => 0x9191 0x91df
0x02 0x2200 0xbfff => 0x2357 0x243b
0x09 0x2b80 0x9dff => 0x3007 0x30ab
0x1d 0x700 0xabff => 0x1b73 0x1be9
0x4b(K) 0x7300 0xe9ff => 0x94c2 0x9517
0x52(R) 0x400 0xafff => 0x38ff 0x39f4
0xee 0x7f80 0xfa7f => 0xf191 0xf240
0xcc 0x1100 0xc0ff => 0x9bbd 0x9d35
0x88 0x6f40 0xcd7f => 0xa078 0xa140
0x8a 0x3c00 0xa07f => 0x7202 0x7248
0x1b 0x400 0x91ff => 0x1479 0x14dd
0x3d(=) 0x7900 0xddff => 0x9017 0x90a5
0x4b(K) 0x1700 0xa5ff => 0x3f76 0x403f
0x98 0x3b00 0x9fff => 0x770b 0x7751
0x41(A) 0x1600 0xa3ff => 0x3887 0x394d
0x74(t) 0x700 0xcdff => 0x5fed 0x6076
0x1f 0x6d00 0xf6ff => 0x7f00 0x7f5f
0x14 0x0 0xbfff => 0x10a6 0x112a
0x25(%) 0x2600 0xaaff => 0x3a7d 0x3b34
0x31(1) 0x3e80 0x9a7f => 0x509a 0x50d8
0xb6 0x3400 0xb1ff => 0x8c10 0x8cbc
0xb3 0x1000 0xbcff => 0x8732 0x87a8
0x2a(*) 0x3200 0xa8ff => 0x465d 0x46ff
0xaa 0x5d00 0xffff => 0xc7ed 0xc93a
0x92 0x7b40 0xcebf => 0xaa8d 0xab6f
0xc2 0xd00 0xefff => 0xb9cf 0xba68
0x3a(:) 0x4f00 0xe8ff => 0x71a1 0x7208
0xf9 0x2100 0x88ff => 0x8641 0x8713
0xcb 0x2080 0x89ff => 0x73ca 0x7457
0xf3 0x4a00 0xd7ff => 0xd14a 0xd1a8
0xa2 0x1400 0xd1ff => 0x8adf 0x8b5e
0x98 0x5f00 0xdeff => 0xaa87 0xab31
0xab 0x700 0xb1ff => 0x781c 0x788d
0x61(a) 0x1c00 0x8dff => 0x4657 0x46ee
0x66(f) 0x5700 0xeeff => 0x9276 0x933e
0x91 0x3b00 0x9f7f => 0x72d5 0x7316
0xea 0x2a00 0xadff => 0xa217 0xa26d
0x5d(]) 0x2e00 0xdbff => 0x6c2c 0x6c9e
0xc4 0x2c00 0x9eff => 0x83df 0x8475
0xde 0x5f00 0xf5ff => 0xe24d 0xe312
0x5c(\) 0x2680 0x897f => 0x495a 0x4999
0x34(4) 0x3400 0xb3ff => 0x4d67 0x4db9
0x92 0x4e00 0xf3ff => 0xaab0 0xaccb
0xcd 0x2c00 0xb2ff => 0x98ae 0x995c
0x3c(<) 0x2e00 0xdcff => 0x5554 0x55c4
0x06 0x5400 0xc4ff => 0x56d8 0x5720
0xe9 0x3000 0xc1ff => 0xb46d 0xb4ca
0x53(S) 0x6d00 0xcaff => 0x8aaf 0x8b26
0x86 0x2f00 0xa6ff => 0x6c80 0x6ccb
0xcb 0x0 0x97ff => 0x7766 0x7888
0x46(F) 0x3300 0xc47f => 0x59ba 0x5a15
0x0c 0x3a00 0x95ff => 0x3f05 0x3f3f
0x61(a) 0x1400 0xffff => 0x6c35 0x6df4
0x85 0x1a80 0xfa7f => 0x8be1 0x8d89
0x68(h) 0x7840 0xe27f => 0xa32b 0xa3f3
0x0c 0x2b00 0xf3ff => 0x35dd 0x36d9
0x67(g) 0x6e80 0xecff => 0xa159 0xa1a7
0x26(&) 0x3200 0xcfff => 0x4a56 0x4ab8
0xe9 0x2c00 0xf1ff => 0xdfa6 0xe09c
0x68(h) 0x5300 0xce7f => 0x852e 0x8661
0x1b 0x1700 0xb0ff => 0x2831 0x28f0
0xb0 0x3100 0xf0ff => 0xb419 0xb48f
0x6c(l) 0x1900 0x8fff => 0x4c2a 0x4c72
0x68(h) 0x5400 0xe5ff => 0x8f1a 0x90db
0x61(a) 0xd00 0xedff => 0x604b 0x6273
0xaf 0x12c0 0x9cff => 0x70e7 0x713b
0x13 0x4e00 0xf7ff => 0x5b03 0x5c3b
0x13 0x180 0x9dff => 0xd73 0xef1
0x1a 0x3980 0xf8ff => 0x4e79 0x4f61
0x8c 0x3c80 0xb0ff => 0x7cf9 0x7d3f
0x2b(+) 0x7200 0xffff => 0x8b3c 0x8b91
0xfd 0x3c00 0x91ff => 0x912f 0x9162
0x93 0x5e00 0xc5ff => 0x9ad4 0x9b51
0xfa 0x5400 0xd1ff => 0xcfa0 0xcfeb
0x55(U) 0x4000 0xd7ff => 0x71f3 0x724e
0xe0 0x7300 0xceff => 0xc3cb 0xc439
0xd3 0x1600 0xf3ff => 0xce22 0xcf2b
0x4b(K) 0x1100 0x95ff => 0x36d2 0x37bf
0x45(E) 0x6900 0xdfff => 0x888c 0x88d2
0xbd 0x1800 0xa5ff => 0x7fc8 0x806f
0x53(S) 0x4800 0xefff => 0x7d47 0x7e70
0xfb 0x2380 0xb87f => 0xb617 0xb66e
0x9e 0x2e00 0xddff => 0x9b16 0x9be5
0x09 0x1600 0xe5ff => 0x1d2c 0x1e9a
0x9a 0x1600 0xcd7f => 0x8587 0x85f2
0xe9 0xe00 0xe5ff => 0xd13d 0xd2b8
0x75(u) 0x1e80 0xdc7f => 0x75b1 0x761f
0xeb 0x3100 0x9fff => 0x96a5 0x9725
0xbf 0x2500 0xa5ff => 0x83fd 0x84dd
0xc2 0x7e80 0xeeff => 0xd372 0xd3f4
0x31(1) 0x7200 0xf4ff => 0x8ae5 0x8b7c
0x52(R) 0x6500 0xfcff => 0x93a9 0x94b0
0x36(6) 0x5480 0xd87f => 0x6fd9 0x7071
0x3e(>) 0x5900 0xf1ff => 0x7d71 0x7dc8
0x84 0x7100 0xc8ff => 0x9d65 0x9dfb
0xcd 0x6500 0xfbff => 0xde9c 0xdf9e
0x72(r) 0x4e00 0xcf7f => 0x881a 0x8863
0x0c 0x3400 0xc7ff => 0x3b94 0x3c90
0x7f() 0x4a00 0xc87f => 0x87d8 0x8867
0x25(%) 0x5800 0xe7ff => 0x6d12 0x6e06
0x25(%) 0x900 0x837f => 0x1ae3 0x1bf7
0x8c 0x7180 0xfbff => 0xbdef 0xbe8a
0xbb 0x7780 0xc57f => 0xafae 0xb031
0xa8 0x2e00 0xb1ff => 0x8429 0x8472
0x86 0x5200 0xe5ff => 0x9f3e 0x9fe4
0x48(H) 0x3e00 0xe4ff => 0x6c0b 0x6cc5
0x39(9) 0xb00 0xc5ff => 0x33d4 0x343b
0xaf 0x2800 0xf7ff => 0xb5d6 0xb6bd
0x25(%) 0x6b00 0xdeff => 0x7ba4 0x7ce6
0x66(f) 0x5200 0xf37f => 0x921c 0x9328
0x88 0xe00 0x947f => 0x559d 0x56c7
0x03 0x4e80 0xe3ff => 0x506f 0x5114
0xdb 0x3780 0x8a7f => 0x7edf 0x7f67
0xfa 0x5f00 0xe7ff => 0xe50d 0xe5a3
0x1b 0xd00 0xa3ff => 0x1dd9 0x1ed1
0xb6 0x6c80 0xe8ff => 0xc435 0xc501
0x3d(=) 0x1a80 0x80ff => 0x3297 0x333e
0xbf 0x1700 0xbeff => 0x93a8 0x9515
0x18 0x6a00 0xc57f => 0x72f4 0x7357
0x5d(]) 0x7400 0xd7ff => 0x9884 0x98f0
0xca 0x800 0xe1ff => 0xb3d0 0xb4bb
0xdc 0x6800 0xddff => 0xce48 0xce87
0xfa 0x1000 0x8fff => 0x8d07 0x8dd5
0x57(W) 0x700 0xd5ff => 0x4d29 0x4ee6
0xa5 0x1480 0xf37f => 0xa3db 0xa452
0xdc 0x5b00 0xd2ff => 0xc2a5 0xc325
0x42(B) 0x2500 0xa5ff => 0x45ec 0x4675
0xfb 0x6c00 0xf5ff => 0xf3b1 0xf444
0x90 0x3100 0xc4ff => 0x83f1 0x843f
0x03 0x6200 0xffff => 0x63f8 0x64f3
0x96 0x7c00 0xf9ff => 0xc6c3 0xc705
0x17 0x600 0x8bff => 0x12c3 0x1309
0xd9 0x600 0x93ff => 0x7e4a 0x7edf
0x4b(K) 0x4a00 0xdfff => 0x754c 0x7688
0x6d(m) 0x2600 0xc47f => 0x6b23 0x6bc9
0x88 0x2300 0xc9ff => 0x7b21 0x7cd7
0xbf 0x1080 0xebff => 0xb26d 0xb4ab
0x1d 0x1b40 0xaaff => 0x2ce3 0x2d78
0xfb 0x6300 0xf8ff => 0xf63e 0xf728
0x43(C) 0x1f00 0x947f => 0x3da1 0x3ddd
0x81 0x400 0xf7ff => 0x7c83 0x7d01
0xc7 0x300 0x81ff => 0x65a9 0x65ea
0x92 0x5200 0xd5ff => 0x9d15 0x9eaf
0x7d(}) 0xa80 0xd7ff => 0x6c79 0x6d4d
0x2f(/) 0x3c80 0xa6ff => 0x5041 0x5077
0x39(9) 0x400 0xdfff => 0x33ce 0x34b0
0x83 0x6700 0xd87f => 0x9fc0 0xa033
0x88 0x0 0xe7ff => 0x7abd 0x7d86
0xd9 0x2f40 0xe1bf => 0xc69e 0xc7af
0x03 0x4f00 0xd7ff => 0x50a4 0x51bb
0x8e 0x5200 0xddff => 0xa05d 0xa0a4
0x96 0x3a00 0xc9ff => 0x902b 0x90bd
0x94 0x2b00 0xbdff => 0x81ea 0x827f
0x52(R) 0x6a00 0xffff => 0x98a2 0x99d1
0x84 0x5100 0xe8ff => 0x9d4c 0x9e7f
0x72(r) 0x2600 0xbfff => 0x6a57 0x6af2
0x33(3) 0x5700 0xf2ff => 0x75b5 0x7603
0x36(6) 0x3500 0x83ff => 0x454b 0x45c2
0x43(C) 0x4b00 0xc2ff => 0x6a4b 0x6ac2
0x68(h) 0x4b00 0xc2ff => 0x7bd8 0x7d40
0x92 0x7600 0xd03f => 0xa9ff 0xab3a
0xd9 0x7fc0 0xcebf => 0xc2e4 0xc381
0x82 0x7200 0xc0ff => 0x9931 0x9957
0x3d(=) 0x4400 0xdfff => 0x680b 0x6941
0x19 0x580 0xa0ff => 0x152b 0x1577
0xde 0x5600 0xefff => 0xdcef 0xddd3
0xaa 0x7780 0xe9ff => 0xc3c2 0xc4a3
0x93 0x6100 0xd1ff => 0xa39f 0xa446
0x8a 0x1f00 0xc6ff => 0x7ac0 0x7b65
0xbb 0x4000 0xe5ff => 0xb870 0xb9b5
0x44(D) 0x3800 0xdaff => 0x6317 0x63b6
0xe9 0x1700 0xb6ff => 0xa850 0xa989
0x13 0x2800 0xc4ff => 0x3315 0x3494
0x66(f) 0xa80 0xca7f => 0x55d6 0x574b
0x81 0x7580 0xd2ff => 0xa35c 0xa3b6
0x34(4) 0x3800 0xedff => 0x5bea 0x5c9a
0xde 0x7500 0xcd7f => 0xc270 0xc31a
0x88 0x3800 0x8d7f => 0x6541 0x6661
0x68(h) 0x2080 0xb0ff => 0x5ad8 0x5cbf
0x68(h) 0x3600 0xafff => 0x672a 0x6900
0x06 0x4a80 0xc03f => 0x4d60 0x4dd0
0xae 0x6000 0xd0ff => 0xad98 0xadcd
0x5d(]) 0x3000 0x9bff => 0x56d4 0x576f
0x03 0x5400 0xefff => 0x55bf 0x5734
0xcb 0x6fc0 0xcd3f => 0xba3c 0xbaee
0xca 0x3c00 0xeeff => 0xc955 0xca54
0xef 0x2a80 0xaa7f => 0xa2a6 0xa35b
0xb1 0x2600 0xdbff => 0xa49f 0xa4f5
0x63(c) 0x3e00 0xebff => 0x8060 0x80b2
0xca 0x4000 0xe5ff => 0xc2b6 0xc3ef
0x40(@) 0x5b00 0xf7ff => 0x813c 0x8185
0x55(U) 0x3c00 0x85ff => 0x5464 0x54a9
0x4a(J) 0x4800 0xd3ff => 0x6fe3 0x7024
0x9c 0x4600 0xc9ff => 0x98d5 0x9912
0x9b 0x2a00 0xa5ff => 0x7737 0x77aa
0x03 0x3700 0xaaff => 0x3845 0x398a
0x0c 0x2280 0xc57f => 0x2b20 0x2c4f
0x96 0x1000 0xa7ff => 0x6beb 0x6cbf
0x91 0x7580 0xdfff => 0xb24d 0xb2af
0xca 0x1a00 0xdfff => 0xb650 0xb81b
0xa5 0x1400 0x86ff => 0x5f35 0x5f9f
0x45(E) 0x3500 0x9fff => 0x51a2 0x5205
0x40(@) 0x2200 0x85ff => 0x3a30 0x3a8b
0x5d(]) 0x3000 0x8bff => 0x5127 0x51cf
0xcc 0x2700 0xcfff => 0xafc7 0xb0fe
0xfd 0x6380 0xff7f => 0xfe19 0xfea7
0xcb 0x1900 0xa7ff => 0x8b0a 0x8c51
0x3d(=) 0x500 0xa8ff => 0x29f7 0x2b6d
0x74(t) 0x7dc0 0xdb7f => 0xa845 0xa89a
0x11 0xa00 0xb5ff => 0x15f5 0x1642
0x5d(]) 0x7500 0xc2ff => 0x9109 0x91b9
0x14 0x900 0xb9ff => 0x1817 0x18b7
0x5e(^) 0x1700 0xb7ff => 0x52a9 0x52f1
0x40(@) 0x5200 0xe3ff => 0x7566 0x762c
0x09 0x3300 0x967f => 0x36b1 0x3764
0x88 0x3100 0xe4ff => 0x90df 0x9368
0x9c 0x37c0 0xda3f => 0x9e74 0x9f06
0x41(A) 0x3a00 0x837f => 0x4c57 0x4cb9
0x8f 0x2e00 0xf3ff => 0x9e8c 0x9ee4
0xe5 0x1800 0xc9ff => 0xb8da 0xb929
0x15 0x3400 0xd3ff => 0x428b 0x4319
0x18 0xb00 0x99ff => 0x1979 0x1a38
0x68(h) 0x3c80 0x9c7f => 0x63f8 0x6578
0x93 0x7e00 0xde3f => 0xb73f 0xb7e9
0xeb 0x3f00 0xe9ff => 0xdcf0 0xddd3
0x5d(]) 0x7800 0xe9ff => 0xa118 0xa246
0xd9 0xc00 0xa37f => 0x8d38 0x8e86
0x9b 0x1c00 0xc37f => 0x8503 0x85e0
0x5d(]) 0x300 0xe0ff => 0x529d 0x554a
0x53(S) 0x2740 0xd2bf => 0x5e27 0x5f54
0x0c 0x1380 0xaa7f => 0x1b48 0x1c93
0x50(P) 0x2400 0xc9ff => 0x5740 0x5788
0x3d(=) 0x0 0x91ff => 0x2100 0x227f
0x4f(O) 0x0 0xbfff => 0x3b13 0x3b66
0xe0 0x2600 0xcdff => 0xbb5d 0xbc38
0xae 0x2e80 0x9c7f => 0x7a94 0x7af3
0x85 0x2800 0xe7ff => 0x8b97 0x8ce4
0xc4 0x4b80 0xf27f => 0xccca 0xcda3
0x18 0x6500 0xd1ff => 0x6fe6 0x70a2
0x48(H) 0x7300 0xd17f => 0x8d8b 0x8e04
0xeb 0xb00 0x84ff => 0x7bb9 0x7c8b
0xd7 0x5c80 0xc5ff => 0xb5cf 0xb629
0xf9 0x1e00 0xd3ff => 0xce2d 0xcf66
0x15 0x1680 0xb37f => 0x247c 0x2545
0xfc 0x3e00 0xa2ff => 0xa1d0 0xa1fa
0x7e(~) 0x4000 0xebff => 0x938d 0x93d5
0xb4 0x1a00 0xabff => 0x8184 0x81c2
0xcc 0x800 0x85ff => 0x6d99 0x6ea5
0x5d(]) 0x4c80 0xd2ff => 0x7ceb 0x7eb5
0xe0 0x3ac0 0xad7f => 0xa053 0xa115
0x98 0x2980 0x8aff => 0x6543 0x65be
0xfb 0x600 0xfdff => 0xf910 0xfab4
0x7a(z) 0x800 0xda7f => 0x6afa 0x6bab
0xd7 0x7d00 0xd5ff => 0xc7e0 0xc850
0xca 0x6000 0xd0ff => 0xb862 0xb980
0x09 0x3100 0xc07f => 0x35f6 0x3724
0x92 0x7d80 0xc93f => 0xa8fb 0xa9f9
0xbf 0x7d80 0xfcff => 0xdbeb 0xdd2c
0x1e 0x7ac0 0xcb3f => 0x852c 0x854d
0x98 0x3000 0xb7ff => 0x8306 0x83e9
0x9f 0x600 0xe9ff => 0x980a 0x9868
0x7d(}) 0x1400 0xd1ff => 0x6e32 0x6f1f
0xef 0x1900 0x8fff => 0x88a2 0x8968
0x1a 0x2200 0xe8ff => 0x3800 0x38f8
0x02 0x0 0xf8ff => 0x136 0x26b
0x84 0x1b00 0xb5ff => 0x6920 0x6a61
0x23(#) 0x1000 0xb0ff => 0x26ec 0x2771
0xd6 0x6c00 0xf1ff => 0xdc91 0xdcc7
0x9d 0x2200 0x8fff => 0x67b9 0x67e6
0x68(h) 0x7200 0xcdff => 0x9755 0x98cf
0xfc 0x2a80 0xe7ff => 0xe590 0xe62b
0x8c 0x1000 0xabff => 0x65e3 0x66a2
0xef 0x7180 0xd17f => 0xcb58 0xcc1c
0x17 0x2c00 0x8e7f => 0x3574 0x35c4
0xf3 0x7400 0xc4ff => 0xc0fd 0xc13e
0xf9 0x7a00 0xfdff => 0xf928 0xfa34
0xeb 0x1400 0x9a7f => 0x8eef 0x9000
0x92 0x3bc0 0x803f => 0x62bc 0x63b6
0x34(4) 0x5e00 0xdb7f => 0x764d 0x76e5
0x0a 0x4d00 0xe5ff => 0x53ca 0x5445
0x75(u) 0x4a00 0xc5ff => 0x824f 0x82b2
0x8c 0x1e00 0xe5ff => 0x8ba2 0x8ce5
0x68(h) 0x5100 0xf2ff => 0x9228 0x94f6
0xad 0xa00 0xbdbf => 0x8491 0x84d9
0x68(h) 0x2200 0xb3ff => 0x5c89 0x5f49
0xf9 0x2240 0xd27f => 0xcbdc 0xcd84
0xe2 0x7700 0xe13f => 0xd542 0xd56c
0x50(P) 0x800 0xb3ff => 0x3bf3 0x3c7b
0xfb 0x7300 0xfbff => 0xf900 0xfa11
0xe5 0x0 0x88ff => 0x7a40 0x7aad
0xfd 0x0 0xdbff => 0xd9f1 0xdaf7
0xc7 0x7880 0xfbff => 0xdd87 0xddee
0x07 0xe00 0xddff => 0x1422 0x1474
0x7c(|) 0x4400 0xe9ff => 0x91b9 0x91fa
0xca 0x7200 0xf5ff => 0xd85f 0xd9cc
0x14 0x2f80 0xe67f => 0x3ec6 0x3f9e
0xeb 0x6300 0xcf7f => 0xc5c9 0xc6ca
0x5f(_) 0x6480 0xe57f => 0x93ce 0x9400
0x1a 0x1c00 0x81ff => 0x2774 0x2814
0x53(S) 0x3a00 0x8a7f => 0x5359 0x53f6
0x02 0x5900 0xf6ff => 0x59ba 0x5ab1
0xe7 0x5d00 0xd8ff => 0xcc16 0xcc45
0xef 0x2c00 0x8bff => 0x853f 0x861f
0xbb 0x1f80 0x8fff => 0x700d 0x70e8
0x58(X) 0xd00 0xe8ff => 0x57c9 0x581e
0xfb 0x1200 0xbdff => 0xb9cf 0xbb60
0xf9 0x73c0 0xd83f => 0xd3f9 0xd509
0x44(D) 0x7e40 0xc27f => 0x8fdb 0x9029
0xfb 0x3600 0xd3ff => 0xcfee 0xd19a
0x0c 0x7b80 0xe6bf => 0x812d 0x8226
0xcd 0x1680 0x937f => 0x7a93 0x7b53
0x5d(]) 0x1300 0xd3ff => 0x56d3 0x5971
0x85 0x34c0 0xdc7f => 0x89e3 0x8b25
0xc4 0x78c0 0xc97f => 0xb595 0xb611
0xa0 0x1500 0x91ff => 0x6464 0x6493
0x92 0x1000 0xcfff => 0x7c85 0x7f65
0x39(9) 0x2140 0xd97f => 0x4796 0x4869
0x2a(*) 0x1600 0xe9ff => 0x38db 0x39ce
0xfc 0x6d80 0xe77f => 0xe5ad 0xe638
0xd7 0x2d00 0xb8ff => 0xa101 0xa1d6
0x1f 0x100 0xd6ff => 0x1da9 0x1e4b
0x26(&) 0x2900 0xcbff => 0x42ac 0x4327
0x53(S) 0x2c00 0xa7ff => 0x5300 0x541a
0x2a(*) 0x0 0x8d7f => 0x177a 0x1850
0xd9 0x3d00 0xa87f => 0x9701 0x97f5
0xb2 0x100 0xf5ff => 0xaa00 0xaa5c
0xc4 0x0 0xb9ff => 0x8be9 0x8d47
0x0c 0x7a40 0xd1ff => 0x7ec5 0x7fac
0x7a(z) 0x6280 0xd67f => 0x9810 0x9892
0x9b 0x1000 0x92ff => 0x6068 0x612c
0xc7 0x3400 0x967f => 0x7f3f 0x7fad
0x95 0x3f00 0xadff => 0x80a8 0x80d0
0x47(G) 0x2000 0xc3ff => 0x4c98 0x4cd5
0xe0 0x3000 0xabff => 0x9be3 0x9cca
0x9c 0x7180 0xe57f => 0xb95d 0xb9de
0x0c 0x5d00 0xdeff => 0x639f 0x6522
0x83 0x67c0 0xc8bf => 0x9767 0x97d2
0x4b(K) 0x6700 0xd2ff => 0x85b9 0x8680
0x14 0x5c80 0xc07f => 0x64e7 0x657b
0x27(') 0x6700 0xfbff => 0x7f26 0x7f5c
0x4f(O) 0x1800 0xf3ff => 0x5a20 0x5ac2
0x66(f) 0x2000 0xc2ff => 0x5ffa 0x6126
0x18 0x7e80 0xc9bf => 0x8632 0x86bc
0xa2 0x3200 0xbcff => 0x8b66 0x8bcb
0x72(r) 0x6600 0xcbff => 0x9323 0x9392
0x18 0x2300 0x92ff => 0x2e68 0x2f5e
0x88 0x3400 0xaf7f => 0x74c2 0x7658
0x1f 0x3080 0x963f => 0x3e54 0x3ec2
0x41(A) 0x5400 0xc2ff => 0x6f6e 0x7010
0x32(2) 0x3700 0x887f => 0x46cf 0x46ec
0xe0 0x3c00 0xb3ff => 0xa49d 0xa5a3
0x1f 0x4e80 0xd1ff => 0x6045 0x6103
0xcc 0x2280 0x81ff => 0x6e77 0x6f46
0x9c 0x3b80 0xa37f => 0x7c68 0x7cfe
0x0d 0x6800 0xfeff => 0x7169 0x719e
0x3d(=) 0x2400 0xfbff => 0x557e 0x57a0
0x98 0x5f80 0xe83f => 0xb25c 0xb352
0x44(D) 0x2e00 0xa97f => 0x4ebf 0x4f70
0xf3 0x3f00 0xf0ff => 0xe6f8 0xe7b8
0x68(h) 0x7c00 0xdc7f => 0xa339 0xa4fc
0x70(p) 0x1c80 0xfe7f => 0x807c 0x80cc
0xd1 0x7c00 0xccff => 0xbe1e 0xbe74
0x34(4) 0x3c00 0xe9ff => 0x5e9a 0x5f93
0x60(`) 0x4d00 0xc9ff => 0x7c33 0x7c5f
0x4b(K) 0x4c00 0xffff => 0x804a 0x81cb
0x18 0x2500 0xe5ff => 0x3861 0x3a42
0x94 0x1840 0x90bf => 0x5fbe 0x603e
0x1c 0x3e00 0xbeff => 0x4e53 0x4e80
0x1a 0x2600 0x81ff => 0x307a 0x311c
0xde 0x3d00 0x8e7f => 0x836c 0x83fb
0x04 0x6c00 0xfbff => 0x6efd 0x6f2f
0x25(%) 0x7a00 0xdfff => 0x89cd 0x8aa4
0x5e(^) 0x6680 0xd27f => 0x8f13 0x8f5e
0x41(A) 0x2600 0xbdff => 0x4c5d 0x4d69
0x34(4) 0x2e80 0xb4ff => 0x49bb 0x4aa7
0xcd 0x5d80 0xd3ff => 0xbd04 0xbdd4
0x18 0x400 0xd4ff => 0x18f5 0x1b40
0x88 0x3d40 0xd03f => 0x8b49 0x8d4c
0xa3 0x5240 0xd33f => 0xa6b7 0xa711
0x13 0x3700 0x91ff => 0x3db8 0x3e77
0xe2 0x3800 0xf7ff => 0xe1f7 0xe27c
0xa3 0x7700 0xfcff => 0xce90 0xcf1c
0xa5 0x1000 0x9cff => 0x6cf9 0x6d8c
0x9f 0x7c80 0xc67f => 0xabeb 0xac1e
0x95 0x2c00 0xfbff => 0xa859 0xa8e8
0x31(1) 0x5900 0xe8ff => 0x74be 0x7553
0x57(W) 0x3e00 0xd3ff => 0x71a0 0x72a3
0x53(S) 0x5000 0xd1ff => 0x7a65 0x7b9f
0xcd 0x3280 0xcfff => 0xb190 0xb2d6
0x14 0x4800 0xeb7f => 0x5575 0x568f
0x57(W) 0x3a80 0xc7ff => 0x6b51 0x6c75
0x03 0x2880 0xbaff => 0x2a13 0x2b74
0x27(') 0x980 0xba7f => 0x2779 0x27f2
0x1f 0x7900 0xf2ff => 0x8a07 0x8ad8
0x03 0x700 0xd8ff => 0x940 0xb80
0x92 0x5000 0xe03f => 0xa2d7 0xa4f6
0xf0 0x35c0 0xbdbf => 0xb591 0xb5ed
0x1b 0x2200 0xdbff => 0x3957 0x3a55
0xc7 0x2b80 0xaaff => 0x8dc2 0x8e6f
0xf9 0x4200 0xefff => 0xe8d1 0xeaaa
0x25(%) 0x3440 0xaabf => 0x4700 0x4819
0x2a(*) 0x0 0x8cff => 0x1947 0x1a36
0xd3 0x2380 0x9b7f => 0x86a6 0x871f
0x0b 0x2600 0x9fff => 0x2bd1 0x2c22
0x06 0x2200 0xc5ff => 0x2656 0x26fc
0xba 0x5600 0xfcff => 0xce73 0xceab
0x82 0x6600 0xd7ff => 0x9f26 0x9f72
0x41(A) 0x4c00 0xe5ff => 0x73f8 0x752f
0xaf 0x7e00 0xcbff => 0xb3fb 0xb449
0x31(1) 0x7b00 0xc9ff => 0x8ac7 0x8b30
0xe2 0xe00 0xe1ff => 0xc9cb 0xcaa0
0xf5 0x6580 0xd07f => 0xcb73 0xcb96
0xf9 0x4c00 0xdbff => 0xd5f7 0xd7a9
0x91 0x7dc0 0xea7f => 0xbb72 0xbbde
0xeb 0x7200 0xdeff => 0xd52e 0xd62c
0x76(v) 0x1700 0x967f => 0x5282 0x52ac
0x92 0x800 0xb3ff => 0x6a51 0x6d00
0x8c 0x1440 0xc03f => 0x72dc 0x73f9
0xc7 0x6e00 0xfcff => 0xdbc1 0xdcae
0xcd 0x6080 0xd77f => 0xc031 0xc145
0x7f() 0x1880 0xa2ff => 0x5bf4 0x5c7d
0xfc 0x7400 0xfdff => 0xfc09 0xfcbf
0xbf 0x900 0xbfff => 0x8f4b 0x90f2
0xf4 0x2580 0xf97f => 0xee48 0xeed3
0xe2 0x4800 0xd3ff => 0xc338 0xc3f0
0x4b(K) 0x3800 0xf0ff => 0x6ec3 0x706c
0xcd 0x30c0 0x9b3f => 0x8608 0x871f
0x36(6) 0x400 0x8fff => 0x2231 0x22e8
0xd7 0x3100 0xe8ff => 0xca18 0xcb45
0xe3 0xc00 0xa2ff => 0x91ca 0x922c
0xca 0x1400 0xd9ff => 0xacad 0xaeb3
0xcc 0x2b40 0xacff => 0x91a8 0x92d0
0x53(S) 0x5400 0xe87f => 0x844c 0x85cf
0x3d(=) 0x2600 0xe7ff => 0x5378 0x5572
0x37(7) 0x5e00 0xdcbf => 0x79e5 0x7a0e
0x17 0x1400 0xbbff => 0x2439 0x24dc
0x23(#) 0x3900 0xdcff => 0x518e 0x522d
0x31(1) 0xe00 0xadff => 0x2d3a 0x2e3d
0x88 0x1d00 0x9eff => 0x614a 0x6318
0x41(A) 0x5280 0xc63f => 0x705a 0x715f
0x27(') 0x2d00 0xafff => 0x432a 0x43a8
0x01 0x2a00 0xa8ff => 0x2a28 0x2a79
0x8a 0x5000 0xf3ff => 0xa93a 0xa9d8
0xa1 0x3a00 0xd8ff => 0xa099 0xa0cb
0x46(F) 0x3200 0x97ff => 0x4f37 0x4f77
0x54(T) 0x6e00 0xefff => 0x9a87 0x9ada
0x92 0xe00 0xb5ff => 0x6e00 0x70bb
0xe4 0x0 0xaeff => 0x9bf1 0x9c28
0x07 0x6200 0xd1ff => 0x6580 0x65c6
0x21(!) 0x0 0x8dff => 0x14eb 0x1517
0x93 0x2c00 0xdfff => 0x95ef 0x970d
0x48(H) 0x7bc0 0xc37f => 0x90bf 0x9119
0xc0 0x3f00 0x99ff => 0x8292 0x8305
0x39(9) 0x1200 0x85ff => 0x2c5e 0x2cf1
0x91 0x5e00 0xf1ff => 0xb1bb 0xb276
0x0c 0x3b00 0xf6ff => 0x44c8 0x46e0
0x39(9) 0x3200 0xb83f => 0x5092 0x5166
0x4f(O) 0x1200 0xe6ff => 0x55ed 0x56b6
0xbb 0x7680 0xdb7f => 0xbf31 0xbff0
0xee 0x3100 0xf0ff => 0xe28e 0xe343
0x8d 0xe00 0xc3ff => 0x734f 0x7387
0x87 0x1e00 0x8fff => 0x59bb 0x59de
0x75(u) 0x6c00 0xfbff => 0xae56 0xaedd
0xd9 0x5600 0xddff => 0xc8a3 0xc9cd
0xb0 0x5180 0xe6ff => 0xb903 0xb960
0x02 0x600 0xc1ff => 0x6eb 0x811
0x91 0x3ac0 0x847f => 0x647e 0x64f0
0x15 0x7e00 0xf0ff => 0x8887 0x8916
0x65(e) 0x700 0x96ff => 0x40f3 0x414c
0x7a(z) 0x7300 0xccff => 0x9d6c 0x9ddb
0x6b(k) 0x6c00 0xdbff => 0x9cc7 0x9d0c
0xcc 0xe00 0x99ff => 0x7d40 0x7e9b
0xcb 0x2000 0xcdff => 0xa8d5 0xaa19
0x5e(^) 0x3540 0x867f => 0x542c 0x5477
0x85 0x5800 0xefff => 0xa606 0xa71f
0x8c 0x300 0x8fff => 0x5093 0x5198
0x19 0x4980 0xcc7f => 0x585f 0x58af
0x71(q) 0x3e00 0xdfff => 0x86b1 0x86e2
0xcc 0x6200 0xc5ff => 0xb184 0xb299
0xef 0x4200 0xccff => 0xc34c 0xc477
0xbf 0x2600 0xbbff => 0x93f9 0x956a
0xa0 0x7e40 0xdabf => 0xb9e1 0xba19
0x88 0x400 0xe7ff => 0x7bbd 0x7f04
0x13 0x77a0 0xe09f => 0x7f6b 0x804c
0x5e(^) 0x3580 0xa67f => 0x6036 0x60bf
0x9c 0x3600 0xbfff => 0x8ce3 0x8db5
0x7d(}) 0x7180 0xdaff => 0xa3fb 0xa47b
0x7b({) 0x7b00 0xfbff => 0xb831 0xb858
0x44(D) 0x4400 0xe3ff => 0x6f9e 0x7091
0x31(1) 0x4f00 0xc8ff => 0x66a5 0x6783
0xdb 0x5280 0xc1ff => 0xb1fa 0xb280
0x84 0x7d00 0xc07f => 0x9f1c 0x9f96
0x90 0x1c00 0x96ff => 0x61a9 0x61f2
0x77(w) 0x5200 0xe5ff => 0x96a8 0x96d4
0xd0 0x2000 0xd3ff => 0xb3a8 0xb3de
0xb0 0x2000 0xfbff => 0xb8ba 0xb980
0xe0 0x5d00 0xc07f => 0xb410 0xb4e1
0x90 0x1000 0xe1ff => 0x867b 0x8737
0xee 0x3d80 0x9bff => 0x94fe 0x956f
0xc4 0x7e00 0xefff => 0xd422 0xd4ef
0x34(4) 0x2200 0xefff => 0x4c12 0x4d84
0xde 0x900 0xc27f => 0xa97d 0xaaca
0x3f(?) 0x3e80 0xe57f => 0x67f4 0x6825
0xdb 0x6800 0xcbff => 0xbd61 0xbdf6
0x25(%) 0x6100 0xf6ff => 0x77f4 0x795a
0x14 0x7d00 0xd6bf => 0x8454 0x84f4
0x13 0x5400 0xf4ff => 0x5fa2 0x6121
0xb4 0x6880 0xc87f => 0xac00 0xac38
0x6f(o) 0x0 0xe3ff => 0x6436 0x6479
0x17 0x6c00 0xf3ff => 0x7944 0x79e5
0x68(h) 0x4400 0xe5ff => 0x8657 0x88f7
0x21(!) 0x15c0 0xbdff => 0x2e50 0x2eb3
0x7e(~) 0x2000 0xe7ff => 0x80fd 0x8173
0xdc 0x7d00 0xf3ff => 0xe37d 0xe3e6
0x3e(>) 0x7d00 0xe6ff => 0x9750 0x978e
0x89 0x2000 0x9dff => 0x644d 0x6497
0x0c 0x1a00 0xafff => 0x216e 0x2327
0x3d(=) 0x5b80 0xc9ff => 0x75d2 0x76f6
0x5e(^) 0x6900 0xfb7f => 0xa03b 0xa111
0x8a 0x1d80 0x88ff => 0x583f 0x58bd
0x68(h) 0x3f00 0xbdff => 0x7323 0x7552
0xd1 0x48c0 0xd4bf => 0xbbbb 0xbc5e
0x99 0x3b00 0xdeff => 0xa113 0xa142
0x17 0x2600 0x85ff => 0x2f53 0x2fde
0x9c 0x5300 0xdeff => 0xab89 0xac7e
0x45(E) 0x900 0xfeff => 0x4e48 0x4f1f
0x9b 0x2400 0x8fff => 0x67a7 0x6843
0xaa 0x2700 0xc3ff => 0x90ea 0x91ce
0x5a(Z) 0x7500 0xe77f => 0x9dfc 0x9e3d
0x03 0x7800 0xfbff => 0x797f 0x7ad7
0x74(t) 0x3f80 0xebff => 0x8ded 0x8e82
0x92 0x7680 0xc17f => 0xa1e7 0xa316
0x68(h) 0x79c0 0xc5bf => 0x98df 0x9a3e
0xd1 0x37c0 0x8fbf => 0x8023 0x80a1
0xb0 0x2300 0xa1ff => 0x7b70 0x7c02
0x2f(/) 0x3800 0x817f => 0x45eb 0x4615
0xe3 0x2c00 0xd7ff => 0xc5ca 0xc65e
0xf9 0x4a00 0xdeff => 0xd94d 0xdaf9
0x4b(K) 0x2680 0xfcff => 0x669b 0x6888
0xc7 0x26c0 0xa23f => 0x858e 0x8662
0x1a 0xe00 0xe2ff => 0x26d5 0x2843
0x93 0x3540 0x90ff => 0x6bb4 0x6c51
0x75(u) 0x3400 0xd1ff => 0x7c48 0x7cfc
0x31(1) 0x4800 0xfcff => 0x6afc 0x6c65
0xef 0x3f00 0x997f => 0x9370 0x943e
0x100 0x3800 0x9f7f
